<?xml version="1.0" encoding="UTF-8"?>
<testsuite name="LeetSpeakTest" tests="1" skipped="0" failures="0" errors="0" timestamp="2016-02-08T23:09:23" hostname="epicodus-59.local" time="0.001">
  <properties/>
  <testcase name="isLeetSpeak_returnsAStringAsIsWhenNoLeetspeakIsPresent_wordDoesntChange" classname="LeetSpeakTest" time="0.001"/>
  <system-out><![CDATA[]]></system-out>
  <system-err><![CDATA[]]></system-err>
</testsuite>
