<?xml version="1.0" encoding="UTF-8"?>
<testsuite name="LeetSpeakTest" tests="4" skipped="0" failures="0" errors="0" timestamp="2016-02-08T23:28:48" hostname="epicodus-59.local" time="0.002">
  <properties/>
  <testcase name="isLeetSpeak_replaceEveryEWith3_wordChanges" classname="LeetSpeakTest" time="0.001"/>
  <testcase name="isLeetSpeak_replaceEveryIWith1_wordChanges" classname="LeetSpeakTest" time="0.0"/>
  <testcase name="isLeetSpeak_returnsAStringAsIsWhenNoLeetspeakIsPresent_wordDoesntChange" classname="LeetSpeakTest" time="0.0"/>
  <testcase name="isLeetSpeak_replaceEveryOWith0_wordChanges" classname="LeetSpeakTest" time="0.0"/>
  <system-out><![CDATA[]]></system-out>
  <system-err><![CDATA[]]></system-err>
</testsuite>
